SF:lib\main.dart
DA:4,0
DA:5,0
DA:9,2
DA:12,1
DA:14,1
DA:17,1
DA:18,1
DA:19,1
DA:30,1
DA:36,1
DA:37,1
DA:44,1
DA:47,1
DA:48,1
DA:49,1
DA:50,1
DA:52,1
DA:53,0
DA:54,0
DA:56,0
DA:61,1
DA:64,2
DA:68,1
DA:69,1
DA:70,1
DA:72,1
DA:74,1
DA:75,1
DA:76,1
DA:77,0
DA:78,0
DA:79,0
DA:83,1
DA:84,1
DA:86,1
DA:87,0
DA:88,0
DA:89,0
DA:93,1
DA:94,1
DA:95,1
DA:96,0
DA:97,0
DA:98,0
DA:102,1
DA:103,1
DA:104,1
DA:105,0
DA:106,0
DA:107,0
DA:111,1
DA:112,1
DA:113,1
DA:114,0
DA:115,0
DA:116,0
DA:120,1
DA:121,1
DA:122,1
DA:123,0
DA:124,0
DA:125,0
DA:129,1
DA:130,1
DA:131,1
DA:132,0
DA:133,0
DA:134,0
DA:138,1
DA:139,1
DA:140,1
DA:141,0
DA:142,0
DA:143,0
DA:147,1
DA:148,1
LF:76
LH:47
end_of_record
